0 info it worked if it ends with ok
1 verbose cli [ '/usr/bin/nodejs', '/usr/bin/npm', 'start' ]
2 info using npm@3.9.3
3 info using node@v6.2.1
4 verbose run-script [ 'prestart', 'start', 'poststart' ]
5 info lifecycle helloworld@1.0.0~prestart: helloworld@1.0.0
6 verbose lifecycle helloworld@1.0.0~prestart: unsafe-perm in lifecycle true
7 verbose lifecycle helloworld@1.0.0~prestart: PATH: /usr/lib/node_modules/npm/bin/node-gyp-bin:/home/billcamphire/repos/helloworld/node_modules/.bin:/usr/bin:/usr/local/sbin:/usr/local/bin:/usr/sbin:/usr/bin:/sbin:/bin:/usr/games:/usr/local/games:/snap/bin
8 verbose lifecycle helloworld@1.0.0~prestart: CWD: /home/billcamphire/repos/helloworld
9 silly lifecycle helloworld@1.0.0~prestart: Args: [ '-c', 'babel app.es6 -o app.js' ]
10 silly lifecycle helloworld@1.0.0~prestart: Returned: code: 0  signal: null
11 info lifecycle helloworld@1.0.0~start: helloworld@1.0.0
12 verbose lifecycle helloworld@1.0.0~start: unsafe-perm in lifecycle true
13 verbose lifecycle helloworld@1.0.0~start: PATH: /usr/lib/node_modules/npm/bin/node-gyp-bin:/home/billcamphire/repos/helloworld/node_modules/.bin:/usr/bin:/usr/local/sbin:/usr/local/bin:/usr/sbin:/usr/bin:/sbin:/bin:/usr/games:/usr/local/games:/snap/bin
14 verbose lifecycle helloworld@1.0.0~start: CWD: /home/billcamphire/repos/helloworld
15 silly lifecycle helloworld@1.0.0~start: Args: [ '-c', 'http-server \'-p 5000\'' ]
16 info lifecycle helloworld@1.0.0~start: Failed to exec start script
17 verbose stack Error: helloworld@1.0.0 start: `http-server '-p 5000'`
17 verbose stack spawn ENOENT
17 verbose stack     at ChildProcess.<anonymous> (/usr/lib/node_modules/npm/lib/utils/spawn.js:17:16)
17 verbose stack     at emitTwo (events.js:106:13)
17 verbose stack     at ChildProcess.emit (events.js:191:7)
17 verbose stack     at maybeClose (internal/child_process.js:852:16)
17 verbose stack     at Process.ChildProcess._handle.onexit (internal/child_process.js:215:5)
18 verbose pkgid helloworld@1.0.0
19 verbose cwd /home/billcamphire/repos/helloworld
20 error Linux 4.4.0-21-generic
21 error argv "/usr/bin/nodejs" "/usr/bin/npm" "start"
22 error node v6.2.1
23 error npm  v3.9.3
24 error file sh
25 error code ELIFECYCLE
26 error errno ENOENT
27 error syscall spawn
28 error helloworld@1.0.0 start: `http-server '-p 5000'`
28 error spawn ENOENT
29 error Failed at the helloworld@1.0.0 start script 'http-server '-p 5000''.
29 error Make sure you have the latest version of node.js and npm installed.
29 error If you do, this is most likely a problem with the helloworld package,
29 error not with npm itself.
29 error Tell the author that this fails on your system:
29 error     http-server '-p 5000'
29 error You can get information on how to open an issue for this project with:
29 error     npm bugs helloworld
29 error Or if that isn't available, you can get their info via:
29 error     npm owner ls helloworld
29 error There is likely additional logging output above.
30 verbose exit [ 1, true ]
